<?xml version="1.0" encoding="UTF-8" ?>
<testsuite failures="0" time="0.078" errors="0" skipped="0" tests="11" name="org.mesosys.junit.mesoassert.CollectionAssertTest">
  <properties>
[...]
</properties>
  <testcase time="0.016" classname="org.mesosys.junit.mesoassert.CollectionAssertTest" name="happyAssertEmpty"/>
  <testcase time="0" classname="org.mesosys.junit.mesoassert.CollectionAssertTest" name="failAssertEmpty"/>
  <testcase time="0" classname="org.mesosys.junit.mesoassert.CollectionAssertTest" name="happyAssertNullOrEmpty"/>
  <testcase time="0" classname="org.mesosys.junit.mesoassert.CollectionAssertTest" name="failAssertNullOrEmpty"/>
  <testcase time="0" classname="org.mesosys.junit.mesoassert.CollectionAssertTest" name="happyAssertNotEmpty"/>
  <testcase time="0.016" classname="org.mesosys.junit.mesoassert.CollectionAssertTest" name="failAssertNotEmpty1"/>
  <testcase time="0" classname="org.mesosys.junit.mesoassert.CollectionAssertTest" name="failAssertNotEmpty2"/>
  <testcase time="0" classname="org.mesosys.junit.mesoassert.CollectionAssertTest" name="happyAssertSize"/>
  <testcase time="0" classname="org.mesosys.junit.mesoassert.CollectionAssertTest" name="failAssertSize1"/>
  <testcase time="0" classname="org.mesosys.junit.mesoassert.CollectionAssertTest" name="failAssertSize2"/>
  <testcase time="0.015" classname="org.mesosys.junit.mesoassert.CollectionAssertTest" name="failAssertSize3"/>
</testsuite>